# JRE version: Java(TM) SE Runtime Environment (8.0_151-b12) (build 1.8.0_151-b12)
# Java VM: Java HotSpot(TM) 64-Bit Server VM (25.151-b12 mixed mode windows-amd64 compressed oops)
Heap:
 PSYoungGen      total 258560K, used 5775K [0x00000000dac00000, 0x00000000ee400000, 0x0000000100000000)
  eden space 240128K, 2% used [0x00000000dac00000,0x00000000db1a3da8,0x00000000e9680000)
  from space 18432K, 0% used [0x00000000e9680000,0x00000000e9680000,0x00000000ea880000)
  to   space 17408K, 0% used [0x00000000ed300000,0x00000000ed300000,0x00000000ee400000)
 ParOldGen       total 130560K, used 38787K [0x0000000090400000, 0x0000000098380000, 0x00000000dac00000)
  object space 130560K, 29% used [0x0000000090400000,0x00000000929e0e88,0x0000000098380000)
 Metaspace       used 58322K, capacity 58884K, committed 59224K, reserved 1101824K
  class space    used 7559K, capacity 7730K, committed 7808K, reserved 1048576K
GC Heap History (10 events):
Event: 22.045 GC heap before
{Heap before GC invocations=12 (full 2):
 PSYoungGen      total 174592K, used 161280K [0x00000000dac00000, 0x00000000eaa00000, 0x0000000100000000)
  eden space 161280K, 100% used [0x00000000dac00000,0x00000000e4980000,0x00000000e4980000)
  from space 13312K, 0% used [0x00000000e4980000,0x00000000e4980000,0x00000000e5680000)
  to   space 12288K, 0% used [0x00000000e9e00000,0x00000000e9e00000,0x00000000eaa00000)
 ParOldGen       total 83456K, used 18650K [0x0000000090400000, 0x0000000095580000, 0x00000000dac00000)
  object space 83456K, 22% used [0x0000000090400000,0x0000000091636b10,0x0000000095580000)
 Metaspace       used 39260K, capacity 39582K, committed 40024K, reserved 1083392K
  class space    used 5019K, capacity 5155K, committed 5248K, reserved 1048576K
Event: 22.076 GC heap after
Heap after GC invocations=12 (full 2):
 PSYoungGen      total 206336K, used 6040K [0x00000000dac00000, 0x00000000ea400000, 0x0000000100000000)
  eden space 200192K, 0% used [0x00000000dac00000,0x00000000dac00000,0x00000000e6f80000)
  from space 6144K, 98% used [0x00000000e9e00000,0x00000000ea3e6028,0x00000000ea400000)
  to   space 12288K, 0% used [0x00000000e8c00000,0x00000000e8c00000,0x00000000e9800000)
 ParOldGen       total 83456K, used 18722K [0x0000000090400000, 0x0000000095580000, 0x00000000dac00000)
  object space 83456K, 22% used [0x0000000090400000,0x0000000091648b20,0x0000000095580000)
 Metaspace       used 39260K, capacity 39582K, committed 40024K, reserved 1083392K
  class space    used 5019K, capacity 5155K, committed 5248K, reserved 1048576K
}
Event: 27.344 GC heap before
{Heap before GC invocations=13 (full 2):
 PSYoungGen      total 206336K, used 206232K [0x00000000dac00000, 0x00000000ea400000, 0x0000000100000000)
  eden space 200192K, 100% used [0x00000000dac00000,0x00000000e6f80000,0x00000000e6f80000)
  from space 6144K, 98% used [0x00000000e9e00000,0x00000000ea3e6028,0x00000000ea400000)
  to   space 12288K, 0% used [0x00000000e8c00000,0x00000000e8c00000,0x00000000e9800000)
 ParOldGen       total 83456K, used 18722K [0x0000000090400000, 0x0000000095580000, 0x00000000dac00000)
  object space 83456K, 22% used [0x0000000090400000,0x0000000091648b20,0x0000000095580000)
 Metaspace       used 49443K, capacity 49832K, committed 50136K, reserved 1093632K
  class space    used 6414K, capacity 6538K, committed 6656K, reserved 1048576K
Event: 27.364 GC heap after
Heap after GC invocations=13 (full 2):
 PSYoungGen      total 241664K, used 12283K [0x00000000dac00000, 0x00000000eb780000, 0x0000000100000000)
  eden space 229376K, 0% used [0x00000000dac00000,0x00000000dac00000,0x00000000e8c00000)
  from space 12288K, 99% used [0x00000000e8c00000,0x00000000e97fec50,0x00000000e9800000)
  to   space 15360K, 0% used [0x00000000ea880000,0x00000000ea880000,0x00000000eb780000)
 ParOldGen       total 83456K, used 22841K [0x0000000090400000, 0x0000000095580000, 0x00000000dac00000)
  object space 83456K, 27% used [0x0000000090400000,0x0000000091a4e650,0x0000000095580000)
 Metaspace       used 49443K, capacity 49832K, committed 50136K, reserved 1093632K
  class space    used 6414K, capacity 6538K, committed 6656K, reserved 1048576K
}
Event: 29.696 GC heap before
{Heap before GC invocations=14 (full 2):
 PSYoungGen      total 241664K, used 241659K [0x00000000dac00000, 0x00000000eb780000, 0x0000000100000000)
  eden space 229376K, 100% used [0x00000000dac00000,0x00000000e8c00000,0x00000000e8c00000)
  from space 12288K, 99% used [0x00000000e8c00000,0x00000000e97fec50,0x00000000e9800000)
  to   space 15360K, 0% used [0x00000000ea880000,0x00000000ea880000,0x00000000eb780000)
 ParOldGen       total 83456K, used 22841K [0x0000000090400000, 0x0000000095580000, 0x00000000dac00000)
  object space 83456K, 27% used [0x0000000090400000,0x0000000091a4e650,0x0000000095580000)
 Metaspace       used 54188K, capacity 54652K, committed 55000K, reserved 1097728K
  class space    used 7016K, capacity 7146K, committed 7168K, reserved 1048576K
Event: 29.727 GC heap after
Heap after GC invocations=14 (full 2):
 PSYoungGen      total 255488K, used 15328K [0x00000000dac00000, 0x00000000ee180000, 0x0000000100000000)
  eden space 240128K, 0% used [0x00000000dac00000,0x00000000dac00000,0x00000000e9680000)
  from space 15360K, 99% used [0x00000000ea880000,0x00000000eb7783d0,0x00000000eb780000)
  to   space 18432K, 0% used [0x00000000e9680000,0x00000000e9680000,0x00000000ea880000)
 ParOldGen       total 83456K, used 26077K [0x0000000090400000, 0x0000000095580000, 0x00000000dac00000)
  object space 83456K, 31% used [0x0000000090400000,0x0000000091d777e0,0x0000000095580000)
 Metaspace       used 54188K, capacity 54652K, committed 55000K, reserved 1097728K
  class space    used 7016K, capacity 7146K, committed 7168K, reserved 1048576K
}
Event: 93.044 GC heap before
{Heap before GC invocations=15 (full 2):
 PSYoungGen      total 255488K, used 201041K [0x00000000dac00000, 0x00000000ee180000, 0x0000000100000000)
  eden space 240128K, 77% used [0x00000000dac00000,0x00000000e615c040,0x00000000e9680000)
  from space 15360K, 99% used [0x00000000ea880000,0x00000000eb7783d0,0x00000000eb780000)
  to   space 18432K, 0% used [0x00000000e9680000,0x00000000e9680000,0x00000000ea880000)
 ParOldGen       total 83456K, used 26077K [0x0000000090400000, 0x0000000095580000, 0x00000000dac00000)
  object space 83456K, 31% used [0x0000000090400000,0x0000000091d777e0,0x0000000095580000)
 Metaspace       used 58253K, capacity 58812K, committed 58968K, reserved 1099776K
  class space    used 7545K, capacity 7702K, committed 7808K, reserved 1048576K
Event: 93.071 GC heap after
Heap after GC invocations=15 (full 2):
 PSYoungGen      total 258560K, used 8820K [0x00000000dac00000, 0x00000000ee400000, 0x0000000100000000)
  eden space 240128K, 0% used [0x00000000dac00000,0x00000000dac00000,0x00000000e9680000)
  from space 18432K, 47% used [0x00000000e9680000,0x00000000e9f1d0c8,0x00000000ea880000)
  to   space 17408K, 0% used [0x00000000ed300000,0x00000000ed300000,0x00000000ee400000)
 ParOldGen       total 83456K, used 37746K [0x0000000090400000, 0x0000000095580000, 0x00000000dac00000)
  object space 83456K, 45% used [0x0000000090400000,0x00000000928dca20,0x0000000095580000)
 Metaspace       used 58253K, capacity 58812K, committed 58968K, reserved 1099776K
  class space    used 7545K, capacity 7702K, committed 7808K, reserved 1048576K
}
Event: 93.071 GC heap before
{Heap before GC invocations=16 (full 3):
 PSYoungGen      total 258560K, used 8820K [0x00000000dac00000, 0x00000000ee400000, 0x0000000100000000)
  eden space 240128K, 0% used [0x00000000dac00000,0x00000000dac00000,0x00000000e9680000)
  from space 18432K, 47% used [0x00000000e9680000,0x00000000e9f1d0c8,0x00000000ea880000)
  to   space 17408K, 0% used [0x00000000ed300000,0x00000000ed300000,0x00000000ee400000)
 ParOldGen       total 83456K, used 37746K [0x0000000090400000, 0x0000000095580000, 0x00000000dac00000)
  object space 83456K, 45% used [0x0000000090400000,0x00000000928dca20,0x0000000095580000)
 Metaspace       used 58253K, capacity 58812K, committed 58968K, reserved 1099776K
  class space    used 7545K, capacity 7702K, committed 7808K, reserved 1048576K
Event: 93.405 GC heap after
Heap after GC invocations=16 (full 3):
 PSYoungGen      total 258560K, used 0K [0x00000000dac00000, 0x00000000ee400000, 0x0000000100000000)
  eden space 240128K, 0% used [0x00000000dac00000,0x00000000dac00000,0x00000000e9680000)
  from space 18432K, 0% used [0x00000000e9680000,0x00000000e9680000,0x00000000ea880000)
  to   space 17408K, 0% used [0x00000000ed300000,0x00000000ed300000,0x00000000ee400000)
 ParOldGen       total 130560K, used 38787K [0x0000000090400000, 0x0000000098380000, 0x00000000dac00000)
  object space 130560K, 29% used [0x0000000090400000,0x00000000929e0e88,0x0000000098380000)
 Metaspace       used 58238K, capacity 58788K, committed 58968K, reserved 1099776K
  class space    used 7543K, capacity 7698K, committed 7808K, reserved 1048576K
}

